Connecting to database specified by database.yml


Started GET "/assets/rails.png" for 127.0.0.1 at 2013-03-25 13:48:47 +0100
Served asset /rails.png - 200 OK (13ms)


Started GET "/rails/info/properties" for 127.0.0.1 at 2013-03-25 13:48:50 +0100
Processing by Rails::InfoController#properties as */*
  Rendered inline template (4.3ms)
Completed 200 OK in 22ms (Views: 20.6ms | ActiveRecord: 0.0ms)


Started GET "/rails/info/properties" for 127.0.0.1 at 2013-03-25 13:48:53 +0100
Processing by Rails::InfoController#properties as */*
  Rendered inline template (0.6ms)
Completed 200 OK in 2ms (Views: 1.3ms | ActiveRecord: 0.0ms)
Connecting to database specified by database.yml
Connecting to database specified by database.yml


Started GET "/assets/rails.png" for 127.0.0.1 at 2013-03-25 15:58:22 +0100
Served asset /rails.png - 200 OK (22ms)


Started GET "/rails/info/properties" for 127.0.0.1 at 2013-03-25 15:58:29 +0100
Processing by Rails::InfoController#properties as */*
  Rendered inline template (9.5ms)
Completed 200 OK in 45ms (Views: 43.9ms | ActiveRecord: 0.0ms)


Started GET "/rails/info/properties" for 127.0.0.1 at 2013-03-25 15:58:34 +0100
Processing by Rails::InfoController#properties as */*
  Rendered inline template (0.8ms)
Completed 200 OK in 2ms (Views: 1.6ms | ActiveRecord: 0.0ms)
Connecting to database specified by database.yml


Started GET "/" for 127.0.0.1 at 2013-03-25 15:59:58 +0100
Processing by HomeController#index as HTML
  Rendered home/index.html.erb within layouts/application (4.6ms)
Compiled home.css  (76ms)  (pid 6706)
Compiled application.css  (93ms)  (pid 6706)
Compiled jquery.js  (42ms)  (pid 6706)
Compiled jquery_ujs.js  (1ms)  (pid 6706)
Compiled home.js  (597ms)  (pid 6706)
Compiled application.js  (768ms)  (pid 6706)
Completed 200 OK in 1039ms (Views: 1038.0ms | ActiveRecord: 0.0ms)


Started GET "/assets/home.css?body=1" for 127.0.0.1 at 2013-03-25 15:59:59 +0100
Served asset /home.css - 200 OK (9ms)


Started GET "/assets/jquery.js?body=1" for 127.0.0.1 at 2013-03-25 15:59:59 +0100
Served asset /jquery.js - 200 OK (8ms)


Started GET "/assets/jquery_ujs.js?body=1" for 127.0.0.1 at 2013-03-25 15:59:59 +0100
Served asset /jquery_ujs.js - 200 OK (22ms)


Started GET "/assets/home.js?body=1" for 127.0.0.1 at 2013-03-25 15:59:59 +0100
Served asset /home.js - 200 OK (6ms)


Started GET "/assets/application.css?body=1" for 127.0.0.1 at 2013-03-25 15:59:59 +0100
Served asset /application.css - 200 OK (24ms)


Started GET "/assets/application.js?body=1" for 127.0.0.1 at 2013-03-25 15:59:59 +0100
Served asset /application.js - 200 OK (61ms)
